<?xml version="1.0" encoding="UTF-8"?>
<testsuite xmlns:xsi="http://www.w3.org/2001/XMLSchema-instance" xsi:noNamespaceSchemaLocation="https://maven.apache.org/surefire/maven-surefire-plugin/xsd/surefire-test-report-3.0.xsd" version="3.0" name="tbpapi.thebestprototypeapi.ThebestprototypeapiApplicationTests" time="11.506" tests="1" errors="0" skipped="0" failures="0">
  <properties>
[...]
</properties>
  <testcase name="contextLoads" classname="tbpapi.thebestprototypeapi.ThebestprototypeapiApplicationTests" time="0.686">
    <system-out><![CDATA[12:43:02.606 [main] INFO org.springframework.test.context.support.AnnotationConfigContextLoaderUtils -- Could not detect default configuration classes for test class [tbpapi.thebestprototypeapi.ThebestprototypeapiApplicationTests]: ThebestprototypeapiApplicationTests does not declare any static, non-private, non-final, nested classes annotated with @Configuration.
12:43:02.783 [main] INFO org.springframework.boot.test.context.SpringBootTestContextBootstrapper -- Found @SpringBootConfiguration tbpapi.thebestprototypeapi.ThebestprototypeapiApplication for test class tbpapi.thebestprototypeapi.ThebestprototypeapiApplicationTests

  .   ____          _            __ _ _
 /\\ / ___'_ __ _ _(_)_ __  __ _ \ \ \ \
( ( )\___ | '_ | '_| | '_ \/ _` | \ \ \ \
 \\/  ___)| |_)| | | | | || (_| |  ) ) ) )
  '  |____| .__|_| |_|_| |_\__, | / / / /
 =========|_|==============|___/=/_/_/_/
 :: Spring Boot ::                (v3.1.5)

2023-10-27T12:43:03.546+03:00  INFO 11928 --- [           main] t.t.ThebestprototypeapiApplicationTests  : Starting ThebestprototypeapiApplicationTests using Java 21.0.1 with PID 11928 (started by Windflaw in C:\Users\Kvali\Downloads\thebestprototypeapi)
2023-10-27T12:43:03.548+03:00  INFO 11928 --- [           main] t.t.ThebestprototypeapiApplicationTests  : No active profile set, falling back to 1 default profile: "default"
2023-10-27T12:43:04.696+03:00  INFO 11928 --- [           main] .s.d.r.c.RepositoryConfigurationDelegate : Bootstrapping Spring Data JPA repositories in DEFAULT mode.
2023-10-27T12:43:04.796+03:00  INFO 11928 --- [           main] .s.d.r.c.RepositoryConfigurationDelegate : Finished Spring Data repository scanning in 83 ms. Found 1 JPA repository interfaces.
2023-10-27T12:43:05.509+03:00  INFO 11928 --- [           main] o.hibernate.jpa.internal.util.LogHelper  : HHH000204: Processing PersistenceUnitInfo [name: default]
2023-10-27T12:43:05.641+03:00  INFO 11928 --- [           main] org.hibernate.Version                    : HHH000412: Hibernate ORM core version 6.2.13.Final
2023-10-27T12:43:05.644+03:00  INFO 11928 --- [           main] org.hibernate.cfg.Environment            : HHH000406: Using bytecode reflection optimizer
2023-10-27T12:43:06.151+03:00  INFO 11928 --- [           main] o.s.o.j.p.SpringPersistenceUnitInfo      : No LoadTimeWeaver setup: ignoring JPA class transformer
2023-10-27T12:43:06.188+03:00  INFO 11928 --- [           main] com.zaxxer.hikari.HikariDataSource       : HikariPool-1 - Starting...
2023-10-27T12:43:08.634+03:00  INFO 11928 --- [           main] com.zaxxer.hikari.pool.HikariPool        : HikariPool-1 - Added connection org.postgresql.jdbc.PgConnection@27358a19
2023-10-27T12:43:08.636+03:00  INFO 11928 --- [           main] com.zaxxer.hikari.HikariDataSource       : HikariPool-1 - Start completed.
2023-10-27T12:43:08.876+03:00  WARN 11928 --- [           main] org.hibernate.orm.deprecation            : HHH90000025: PostgreSQL10Dialect does not need to be specified explicitly using 'hibernate.dialect' (remove the property setting and it will be selected by default)
2023-10-27T12:43:08.877+03:00  WARN 11928 --- [           main] org.hibernate.orm.deprecation            : HHH90000026: PostgreSQL10Dialect has been deprecated; use org.hibernate.dialect.PostgreSQLDialect instead
2023-10-27T12:43:10.298+03:00  INFO 11928 --- [           main] o.h.e.t.j.p.i.JtaPlatformInitiator       : HHH000489: No JTA platform available (set 'hibernate.transaction.jta.platform' to enable JTA platform integration)
2023-10-27T12:43:11.830+03:00  INFO 11928 --- [           main] j.LocalContainerEntityManagerFactoryBean : Initialized JPA EntityManagerFactory for persistence unit 'default'
2023-10-27T12:43:12.570+03:00  WARN 11928 --- [           main] JpaBaseConfiguration$JpaWebConfiguration : spring.jpa.open-in-view is enabled by default. Therefore, database queries may be performed during view rendering. Explicitly configure spring.jpa.open-in-view to disable this warning
2023-10-27T12:43:13.073+03:00  INFO 11928 --- [           main] t.t.ThebestprototypeapiApplicationTests  : Started ThebestprototypeapiApplicationTests in 10.032 seconds (process running for 11.712)
]]></system-out>
    <system-err><![CDATA[WARNING: A Java agent has been loaded dynamically (C:\Users\Kvali\.m2\repository\net\bytebuddy\byte-buddy-agent\1.14.9\byte-buddy-agent-1.14.9.jar)
WARNING: If a serviceability tool is in use, please run with -XX:+EnableDynamicAgentLoading to hide this warning
WARNING: If a serviceability tool is not in use, please run with -Djdk.instrument.traceUsage for more information
WARNING: Dynamic loading of agents will be disallowed by default in a future release
]]></system-err>
  </testcase>
</testsuite>